<?xml version="1.0" encoding="UTF-8"?>
<testsuite xmlns:xsi="http://www.w3.org/2001/XMLSchema-instance" xsi:noNamespaceSchemaLocation="https://maven.apache.org/surefire/maven-surefire-plugin/xsd/surefire-test-report-3.0.xsd" version="3.0" name="canvia.automatizacionbdd.curso.introduccion_selenium_webdriver.LoginTest" time="8.616" tests="1" errors="0" skipped="0" failures="0">
  <properties>
[...]
</properties>
  <testcase name="testInvalidLogin" classname="canvia.automatizacionbdd.curso.introduccion_selenium_webdriver.LoginTest" time="8.58"/>
</testsuite>